  main.cpp
c:\users\csamano\documents\school\hotel-management-system-software--database-setup\database.h(530): warning C4101: 'row': unreferenced local variable
c:\users\csamano\documents\school\hotel-management-system-software--database-setup\reservartions.h(117): warning C4267: 'argument': conversion from 'size_t' to 'int', possible loss of data
c:\users\csamano\documents\school\hotel-management-system-software--database-setup\employee.h(40): warning C4267: 'argument': conversion from 'size_t' to 'int', possible loss of data
c:\users\csamano\documents\school\hotel-management-system-software--database-setup\employee.h(174): warning C4267: '=': conversion from 'size_t' to 'int', possible loss of data
c:\users\csamano\documents\school\hotel-management-system-software--database-setup\employee.h(179): warning C4267: '=': conversion from 'size_t' to 'int', possible loss of data
c:\users\csamano\documents\school\hotel-management-system-software--database-setup\employee.h(185): warning C4267: '=': conversion from 'size_t' to 'int', possible loss of data
c:\users\csamano\documents\school\hotel-management-system-software--database-setup\employee.h(212): warning C4267: '=': conversion from 'size_t' to 'int', possible loss of data
c:\users\csamano\documents\school\hotel-management-system-software--database-setup\employee.h(216): warning C4267: '=': conversion from 'size_t' to 'int', possible loss of data
c:\users\csamano\documents\school\hotel-management-system-software--database-setup\employee.h(220): warning C4267: '=': conversion from 'size_t' to 'int', possible loss of data
c:\users\csamano\documents\school\hotel-management-system-software--database-setup\employee.h(224): warning C4267: '=': conversion from 'size_t' to 'int', possible loss of data
c:\users\csamano\documents\school\hotel-management-system-software--database-setup\customer.h(347): warning C4267: 'argument': conversion from 'size_t' to 'int', possible loss of data
c:\users\csamano\documents\school\hotel-management-system-software--database-setup\customer.h(368): warning C4267: 'argument': conversion from 'size_t' to 'int', possible loss of data
c:\users\csamano\documents\school\hotel-management-system-software--database-setup\customer.h(501): warning C4267: 'argument': conversion from 'size_t' to 'int', possible loss of data
c:\users\csamano\documents\school\hotel-management-system-software--database-setup\customer.h(555): warning C4267: 'argument': conversion from 'size_t' to 'int', possible loss of data
  Generating code
  1 of 547 functions ( 0.2%) were compiled, the rest were copied from previous compilation.
    0 functions were new in current compilation
    0 functions had inline decision re-evaluated but remain unchanged
  Finished generating code
  CIS376Project.vcxproj -> C:\Users\csamano\Documents\School\Hotel-Management-System-Software--Database-Setup\x64\Release\CIS376Project.exe
